<?xml version="1.0" encoding="utf-8"?>
<?AutomationStudio Version="4.12.5.95 SP"?>
<Objects>
  <Object
    Path="C:\projects\DevOps_Grp1\DO_Workshop\Logical\Package.pkg"
    LogicalPath=""
    Type="Package.ParentUnknown"
    LastWriteTime="133898988483698596" />
  <Object
    Path="C:\projects\DevOps_Grp1\DO_Workshop\Logical\Global.typ"
    LogicalPath="Global.typ"
    Type="File"
    LastWriteTime="133898980464453572"
    Private="false" />
  <Object
    Path="C:\projects\DevOps_Grp1\DO_Workshop\Logical\Global.var"
    LogicalPath="Global.var"
    Type="File"
    LastWriteTime="133898980464564028"
    Private="false" />
  <Object
    Path="C:\projects\DevOps_Grp1\DO_Workshop\Logical\Libraries\Package.pkg"
    LogicalPath="Libraries"
    Type="Package"
    LastWriteTime="133898980519448234" />
  <Object
    Path="C:\projects\DevOps_Grp1\DO_Workshop\Logical\Libraries\operator\binary.lby"
    LogicalPath="Libraries.operator"
    Type="Library"
    LastWriteTime="133898980508275444" />
  <Object
    Path="C:\projects\DevOps_Grp1\DO_Workshop\Logical\Libraries\operator\operator.fun"
    LogicalPath="Libraries.operator.operator.fun"
    Type="File"
    LastWriteTime="133898980508190218"
    Private="false" />
  <Object
    Path="C:\projects\DevOps_Grp1\DO_Workshop\Logical\Libraries\operator\operator.typ"
    LogicalPath="Libraries.operator.operator.typ"
    Type="File"
    LastWriteTime="133898980508245449"
    Private="false" />
  <Object
    Path="C:\projects\DevOps_Grp1\DO_Workshop\Logical\Libraries\operator\operator.var"
    LogicalPath="Libraries.operator.operator.var"
    Type="File"
    LastWriteTime="133898980508275444"
    Private="false" />
  <Object
    Path="C:\projects\DevOps_Grp1\DO_Workshop\Logical\Libraries\runtime\binary.lby"
    LogicalPath="Libraries.runtime"
    Type="Library"
    LastWriteTime="133898980511936002" />
  <Object
    Path="C:\projects\DevOps_Grp1\DO_Workshop\Logical\Libraries\runtime\runtime.fun"
    LogicalPath="Libraries.runtime.runtime.fun"
    Type="File"
    LastWriteTime="133898980511896043"
    Private="false" />
  <Object
    Path="C:\projects\DevOps_Grp1\DO_Workshop\Logical\Libraries\runtime\runtime.typ"
    LogicalPath="Libraries.runtime.runtime.typ"
    Type="File"
    LastWriteTime="133898980511916029"
    Private="false" />
  <Object
    Path="C:\projects\DevOps_Grp1\DO_Workshop\Logical\Libraries\runtime\runtime.var"
    LogicalPath="Libraries.runtime.runtime.var"
    Type="File"
    LastWriteTime="133898980511936002"
    Private="false" />
  <Object
    Path="C:\projects\DevOps_Grp1\DO_Workshop\Logical\Libraries\astime\binary.lby"
    LogicalPath="Libraries.astime"
    Type="Library"
    LastWriteTime="133898980515566712" />
  <Object
    Path="C:\projects\DevOps_Grp1\DO_Workshop\Logical\Libraries\astime\astime.fun"
    LogicalPath="Libraries.astime.astime.fun"
    Type="File"
    LastWriteTime="133898980515506734"
    Private="false" />
  <Object
    Path="C:\projects\DevOps_Grp1\DO_Workshop\Logical\Libraries\astime\astime.typ"
    LogicalPath="Libraries.astime.astime.typ"
    Type="File"
    LastWriteTime="133898980515536732"
    Private="false" />
  <Object
    Path="C:\projects\DevOps_Grp1\DO_Workshop\Logical\Libraries\astime\astime.var"
    LogicalPath="Libraries.astime.astime.var"
    Type="File"
    LastWriteTime="133898980515556736"
    Private="false" />
  <Object
    Path="C:\projects\DevOps_Grp1\DO_Workshop\Logical\Libraries\AsIecCon\binary.lby"
    LogicalPath="Libraries.AsIecCon"
    Type="Library"
    LastWriteTime="133898980519350398" />
  <Object
    Path="C:\projects\DevOps_Grp1\DO_Workshop\Logical\Libraries\AsIecCon\AsIecCon.fun"
    LogicalPath="Libraries.AsIecCon.AsIecCon.fun"
    Type="File"
    LastWriteTime="133898980519304957"
    Private="false" />
  <Object
    Path="C:\projects\DevOps_Grp1\DO_Workshop\Logical\Libraries\AsIecCon\AsIecCon.typ"
    LogicalPath="Libraries.AsIecCon.AsIecCon.typ"
    Type="File"
    LastWriteTime="133898980519325242"
    Private="false" />
  <Object
    Path="C:\projects\DevOps_Grp1\DO_Workshop\Logical\Libraries\AsIecCon\AsIecCon.var"
    LogicalPath="Libraries.AsIecCon.AsIecCon.var"
    Type="File"
    LastWriteTime="133898980519340398"
    Private="false" />
  <Object
    Path="C:\projects\DevOps_Grp1\DO_Workshop\Logical\Merge\IEC.prg"
    LogicalPath="Merge"
    Type="Program"
    LastWriteTime="133898988550737661" />
  <Object
    Path="C:\projects\DevOps_Grp1\DO_Workshop\Logical\Merge\Merge.st"
    LogicalPath="Merge.Merge.st"
    Type="File"
    LastWriteTime="133904323692653916"
    Private="false" />
  <Object
    Path="C:\projects\DevOps_Grp1\DO_Workshop\Logical\Merge\Types.typ"
    LogicalPath="Merge.Types.typ"
    Type="File"
    LastWriteTime="133898988429253264"
    Private="true" />
  <Object
    Path="C:\projects\DevOps_Grp1\DO_Workshop\Logical\Merge\Variables.var"
    LogicalPath="Merge.Variables.var"
    Type="File"
    LastWriteTime="133898991635861235"
    Private="true" />
  <Object
    Path="C:\projects\DevOps_Grp1\DO_Workshop\Physical\Config1\Config.pkg"
    LogicalPath="Config1"
    Type="Configuration.ParentUnknown"
    LastWriteTime="133904302317155506" />
  <Object
    Path="C:\projects\DevOps_Grp1\DO_Workshop\Physical\Config1\Hardware.hw"
    LogicalPath="Config1.Hardware.hw"
    Type="File"
    LastWriteTime="133904302317165513"
    Private="false" />
  <Object
    Path="C:\projects\DevOps_Grp1\DO_Workshop\Physical\Config1\Hardware.hwl"
    LogicalPath="Config1.Hardware.hwl"
    Type="File"
    LastWriteTime="133904302317165513"
    Private="false" />
  <Object
    Path="C:\projects\DevOps_Grp1\DO_Workshop\Physical\Config1\X20CP1684\Cpu.pkg"
    LogicalPath="Config1.X20CP1684"
    Type="Cpu"
    LastWriteTime="133904302317259486" />
  <Object
    Path="C:\projects\DevOps_Grp1\DO_Workshop\Physical\Config1\X20CP1684\Cpu.sw"
    LogicalPath="Config1.X20CP1684.Cpu.sw"
    Type="File"
    LastWriteTime="133904302317259486"
    Private="false" />
  <Object
    Path="C:\projects\DevOps_Grp1\DO_Workshop\Physical\Config1\X20CP1684\Cpu.per"
    LogicalPath="Config1.X20CP1684.Cpu.per"
    Type="File"
    LastWriteTime="133904302317259486"
    Private="false" />
  <Object
    Path="C:\projects\DevOps_Grp1\DO_Workshop\Physical\Config1\X20CP1684\IoMap.iom"
    LogicalPath="Config1.X20CP1684.IoMap.iom"
    Type="File"
    LastWriteTime="133904302317274410"
    Private="false" />
  <Object
    Path="C:\projects\DevOps_Grp1\DO_Workshop\Physical\Config1\X20CP1684\PvMap.vvm"
    LogicalPath="Config1.X20CP1684.PvMap.vvm"
    Type="File"
    LastWriteTime="133904302317274410"
    Private="false" />
  <Object
    Path="C:\projects\DevOps_Grp1\DO_Workshop\Physical\Config1\X20CP1684\Connectivity\Package.pkg"
    LogicalPath="Config1.X20CP1684.Connectivity"
    Type="Package"
    LastWriteTime="133904302317259486" />
  <Object
    Path="C:\projects\DevOps_Grp1\DO_Workshop\Physical\Config1\X20CP1684\Connectivity\OpcUA\Package.pkg"
    LogicalPath="Config1.X20CP1684.Connectivity.OpcUA"
    Type="Package"
    LastWriteTime="133904302317244626" />
  <Object
    Path="C:\projects\DevOps_Grp1\DO_Workshop\Physical\Config1\X20CP1684\Connectivity\OpcUaFx\Package.pkg"
    LogicalPath="Config1.X20CP1684.Connectivity.OpcUaFx"
    Type="Package"
    LastWriteTime="133904302317259486" />
  <Object
    Path="C:\projects\DevOps_Grp1\DO_Workshop\Physical\Config1\X20CP1684\TextSystem\Package.pkg"
    LogicalPath="Config1.X20CP1684.TextSystem"
    Type="Package"
    LastWriteTime="133904302317274410" />
  <Object
    Path="C:\projects\DevOps_Grp1\DO_Workshop\Physical\Config1\X20CP1684\UnitSystem\Package.pkg"
    LogicalPath="Config1.X20CP1684.UnitSystem"
    Type="Package"
    LastWriteTime="133904302317287043" />
  <Object
    Path="C:\projects\DevOps_Grp1\DO_Workshop\Physical\Config1\X20CP1684\AccessAndSecurity\Package.pkg"
    LogicalPath="Config1.X20CP1684.AccessAndSecurity"
    Type="Package"
    LastWriteTime="133904302317234542" />
  <Object
    Path="C:\projects\DevOps_Grp1\DO_Workshop\Physical\Config1\X20CP1684\AccessAndSecurity\UserRoleSystem\Package.pkg"
    LogicalPath="Config1.X20CP1684.AccessAndSecurity.UserRoleSystem"
    Type="Package"
    LastWriteTime="133904302317244626" />
  <Object
    Path="C:\projects\DevOps_Grp1\DO_Workshop\Physical\Config1\X20CP1684\AccessAndSecurity\UserRoleSystem\Role.role"
    LogicalPath="Config1.X20CP1684.AccessAndSecurity.UserRoleSystem.Role.role"
    Type="File"
    LastWriteTime="133904302317244626"
    Private="false" />
  <Object
    Path="C:\projects\DevOps_Grp1\DO_Workshop\Physical\Config1\X20CP1684\AccessAndSecurity\UserRoleSystem\User.user"
    LogicalPath="Config1.X20CP1684.AccessAndSecurity.UserRoleSystem.User.user"
    Type="File"
    LastWriteTime="133904302317244626"
    Private="false" />
  <Object
    Path="C:\projects\DevOps_Grp1\DO_Workshop\Physical\Config1\X20CP1684\AccessAndSecurity\CertificateStore\Package.pkg"
    LogicalPath="Config1.X20CP1684.AccessAndSecurity.CertificateStore"
    Type="Package"
    LastWriteTime="133904302317208600" />
  <Object
    Path="C:\projects\DevOps_Grp1\DO_Workshop\Physical\Config1\X20CP1684\AccessAndSecurity\CertificateStore\OwnCertificates\Package.pkg"
    LogicalPath="Config1.X20CP1684.AccessAndSecurity.CertificateStore.OwnCertificates"
    Type="Package"
    LastWriteTime="133904302317196536" />
  <Object
    Path="C:\projects\DevOps_Grp1\DO_Workshop\Physical\Config1\X20CP1684\AccessAndSecurity\CertificateStore\OwnCertificates\Certificates\Package.pkg"
    LogicalPath="Config1.X20CP1684.AccessAndSecurity.CertificateStore.OwnCertificates.Certificates"
    Type="Package"
    LastWriteTime="133904302317196536" />
  <Object
    Path="C:\projects\DevOps_Grp1\DO_Workshop\Physical\Config1\X20CP1684\AccessAndSecurity\CertificateStore\OwnCertificates\PrivateKeys\Package.pkg"
    LogicalPath="Config1.X20CP1684.AccessAndSecurity.CertificateStore.OwnCertificates.PrivateKeys"
    Type="Package"
    LastWriteTime="133904302317196536" />
  <Object
    Path="C:\projects\DevOps_Grp1\DO_Workshop\Physical\Config1\X20CP1684\AccessAndSecurity\CertificateStore\ThirdPartyCertificates\Package.pkg"
    LogicalPath="Config1.X20CP1684.AccessAndSecurity.CertificateStore.ThirdPartyCertificates"
    Type="Package"
    LastWriteTime="133904302317214101" />
  <Object
    Path="C:\projects\DevOps_Grp1\DO_Workshop\Physical\Config1\X20CP1684\AccessAndSecurity\CertificateStore\ThirdPartyCertificates\SoftwareCertificates\Package.pkg"
    LogicalPath="Config1.X20CP1684.AccessAndSecurity.CertificateStore.ThirdPartyCertificates.SoftwareCertificates"
    Type="Package"
    LastWriteTime="133904302317219520" />
  <Object
    Path="C:\projects\DevOps_Grp1\DO_Workshop\Physical\Config1\X20CP1684\AccessAndSecurity\CertificateStore\CertificateRevocationLists\Package.pkg"
    LogicalPath="Config1.X20CP1684.AccessAndSecurity.CertificateStore.CertificateRevocationLists"
    Type="Package"
    LastWriteTime="133904302317175514" />
  <Object
    Path="C:\projects\DevOps_Grp1\DO_Workshop\Physical\Config1\X20CP1684\AccessAndSecurity\CertificateStore\CertificateSigningRequests\Package.pkg"
    LogicalPath="Config1.X20CP1684.AccessAndSecurity.CertificateStore.CertificateSigningRequests"
    Type="Package"
    LastWriteTime="133904302317185512" />
  <Object
    Path="C:\projects\DevOps_Grp1\DO_Workshop\Physical\Config1\X20CP1684\AccessAndSecurity\TransportLayerSecurity\Package.pkg"
    LogicalPath="Config1.X20CP1684.AccessAndSecurity.TransportLayerSecurity"
    Type="Package"
    LastWriteTime="133904302317234542" />
  <Object
    Path="C:\projects\DevOps_Grp1\DO_Workshop\Physical\Config1\X20CP1684\AccessAndSecurity\Firewall\Package.pkg"
    LogicalPath="Config1.X20CP1684.AccessAndSecurity.Firewall"
    Type="Package"
    LastWriteTime="133904302317219520" />
  <Object
    Path="C:\projects\DevOps_Grp1\DO_Workshop\Physical\Config1\X20CP1684\AccessAndSecurity\Firewall\Rules.firewallRules"
    LogicalPath="Config1.X20CP1684.AccessAndSecurity.Firewall.Rules.firewallRules"
    Type="File"
    LastWriteTime="133904302317219520"
    Private="false" />
  <Object
    Path="C:\projects\DevOps_Grp1\DO_Workshop\Physical\Config1\X20CP1684\mappControl\Package.pkg"
    LogicalPath="Config1.X20CP1684.mappControl"
    Type="Package"
    LastWriteTime="133904302317287043" />
  <Object
    Path="C:\projects\DevOps_Grp1\DO_Workshop\Physical\Config1\X20CP1684\mappMotion\Package.pkg"
    LogicalPath="Config1.X20CP1684.mappMotion"
    Type="Package"
    LastWriteTime="133904302317301389" />
  <Object
    Path="C:\projects\DevOps_Grp1\DO_Workshop\Physical\Config1\X20CP1684\mapp6D\Package.pkg"
    LogicalPath="Config1.X20CP1684.mapp6D"
    Type="Package"
    LastWriteTime="133904302317287043" />
  <Object
    Path="C:\projects\DevOps_Grp1\DO_Workshop\Physical\Config1\X20CP1684\mappServices\Package.pkg"
    LogicalPath="Config1.X20CP1684.mappServices"
    Type="Package"
    LastWriteTime="133904302317315984" />
  <Object
    Path="C:\projects\DevOps_Grp1\DO_Workshop\Physical\Config1\X20CP1684\mappSafety\Package.pkg"
    LogicalPath="Config1.X20CP1684.mappSafety"
    Type="Package"
    LastWriteTime="133904302317301389" />
  <Object
    Path="C:\projects\DevOps_Grp1\DO_Workshop\Physical\Config1\X20CP1684\mappSafety\SafeApplication\Package.pkg"
    LogicalPath="Config1.X20CP1684.mappSafety.SafeApplication"
    Type="Package"
    LastWriteTime="133904302317301389" />
  <Object
    Path="C:\projects\DevOps_Grp1\DO_Workshop\Physical\Config1\X20CP1684\mappSafety\SafeCommissioning\Package.pkg"
    LogicalPath="Config1.X20CP1684.mappSafety.SafeCommissioning"
    Type="Package"
    LastWriteTime="133904302317301389" />
  <Object
    Path="C:\projects\DevOps_Grp1\DO_Workshop\Physical\Config1\X20CP1684\mappView\Package.pkg"
    LogicalPath="Config1.X20CP1684.mappView"
    Type="Package"
    LastWriteTime="133904302317315984" />
  <Object
    Path="C:\projects\DevOps_Grp1\DO_Workshop\Physical\Config1\X20CP1684\mappVision\Package.pkg"
    LogicalPath="Config1.X20CP1684.mappVision"
    Type="Package"
    LastWriteTime="133904302317315984" />
  <Object
    Path="C:\projects\DevOps_Grp1\DO_Workshop\Physical\Config1\X20CP1684\mappCockpit\Package.pkg"
    LogicalPath="Config1.X20CP1684.mappCockpit"
    Type="Package"
    LastWriteTime="133904302317287043" />
  <Object
    Path="C:\projects\DevOps_Grp1\DO_Workshop\Physical\Config1\Hardware.jpg"
    LogicalPath="Config1.Hardware.jpg"
    Type="File"
    LastWriteTime="133904302317175514"
    Private="false" />
</Objects>